e:\project1\pevm\pevm\bank\debug\bank.myform.resources
e:\project1\pevm\pevm\bank\debug\vc120.pdb
e:\project1\pevm\pevm\bank\debug\.netframework,version=v4.5.assemblyattributes.obj
e:\project1\pevm\pevm\bank\debug\myform.obj
e:\project1\pevm\pevm\bank\debug\bank.exe
e:\project1\pevm\pevm\bank\debug\bank.pdb
c:\users\d\google диск\учёба\2 курс\практикум на эвм\2 семестр\github\pevm\bank\debug\bank.vcxproj.generateresource.cache
c:\users\d\google диск\учёба\2 курс\практикум на эвм\2 семестр\github\pevm\bank\debug\bank.vcxprojresolveassemblyreference.cache
c:\users\d\google диск\учёба\2 курс\практикум на эвм\2 семестр\github\pevm\bank\debug\.netframework,version=v4.5.assemblyattributes.obj
c:\users\d\google диск\учёба\2 курс\практикум на эвм\2 семестр\github\pevm\bank\debug\myform.obj
c:\users\d\google диск\учёба\2 курс\практикум на эвм\2 семестр\github\pevm\bank\debug\bank.myform.resources
c:\users\d\google диск\учёба\2 курс\практикум на эвм\2 семестр\github\pevm\bank\debug\bank.pdb
c:\users\d\google диск\учёба\2 курс\практикум на эвм\2 семестр\github\pevm\bank\debug\vc120.pdb
c:\users\d\google диск\учёба\2 курс\практикум на эвм\2 семестр\github\pevm\bank\debug\bank.exe.metagen
c:\users\d\google диск\учёба\2 курс\практикум на эвм\2 семестр\github\pevm\bank\debug\bank.exe
c:\users\d\google диск\учёба\2 курс\практикум на эвм\2 семестр\github\pevm\bank\debug\bank.tlog\bank.write.1u.tlog
c:\users\d\google диск\учёба\2 курс\практикум на эвм\2 семестр\github\pevm\bank\debug\bank.tlog\cl.command.1.tlog
c:\users\d\google диск\учёба\2 курс\практикум на эвм\2 семестр\github\pevm\bank\debug\bank.tlog\cl.read.1.tlog
c:\users\d\google диск\учёба\2 курс\практикум на эвм\2 семестр\github\pevm\bank\debug\bank.tlog\cl.write.1.tlog
c:\users\d\google диск\учёба\2 курс\практикум на эвм\2 семестр\github\pevm\bank\debug\bank.tlog\link.command.1.tlog
c:\users\d\google диск\учёба\2 курс\практикум на эвм\2 семестр\github\pevm\bank\debug\bank.tlog\link.read.1.tlog
c:\users\d\google диск\учёба\2 курс\практикум на эвм\2 семестр\github\pevm\bank\debug\bank.tlog\link.write.1.tlog
c:\users\d\google диск\учёба\2 курс\практикум на эвм\2 семестр\github\pevm\bank\debug\bank.tlog\metagen.read.1.tlog
c:\users\d\google диск\учёба\2 курс\практикум на эвм\2 семестр\github\pevm\bank\debug\bank.tlog\metagen.write.1.tlog
c:\users\d\google диск\учёба\2 курс\практикум на эвм\2 семестр\github\pevm\bank\debug\bank.tlog\rsaenh.dll.bi
c:\users\d\google диск\учёба\2 курс\практикум на эвм\2 семестр\github\pevm\bank\debug\bank.tlog\tzres.dll.bi
